
obj/my_array.o:\
src/my_array.cpp\
include/support.h\
include/my_array.h\
  include/data_array.h\

obj/data_array.o:\
src/data_array.cpp\
include/support.h\
include/my_array.h\
  include/data_array.h\

obj/d_coeff.o:\
src/d_coeff.cpp\
  include/support.h\
  include/d_coeff.h\
  include/controller.h\
  include/plasma.h\
  include/resonance_poly.h\
  include/data_array.h\
  include/my_array.h\
  include/spectrum.h\
  include/tests.h\

obj/spectrum.o:\
src/spectrum.cpp\
include/plasma.h\
include/support.h\
  include/resonance_poly.h\
  include/spectrum.h\
  include/controller.h\
  include/data_array.h\
  include/my_array.h\
  include/tests.h\

obj/plasma.o:\
src/plasma.cpp\
  include/plasma.h\
  include/support.h\
  include/resonance_poly.h\

obj/reader.o:\
src/reader.cpp\
include/support.h\
include/reader.h\
  include/data_array.h\
  include/my_array.h\

obj/controller.o:\
src/controller.cpp\
  include/controller.h\
  include/support.h\
  include/plasma.h\
  include/resonance_poly.h\
  include/data_array.h\
  include/my_array.h\
  include/d_coeff.h\
  include/spectrum.h\
  include/tests.h\

obj/non_thermal.o:\
src/non_thermal.cpp\
  include/support.h\
  include/non_thermal.h\
  include/data_array.h\
  include/my_array.h\

obj/support.o:\
src/support.cpp\
  include/support.h\
  include/data_array.h\
  include/my_array.h\
  include/reader.h\

obj/resonance_poly.o:\
src/resonance_poly.cpp\
include/resonance_poly.h\
  include/support.h\

obj/tests.o:\
src/tests.cpp\
  include/tests.h\
  include/support.h\
  include/tests_basic_and_code.h\
  include/data_array.h\
  include/my_array.h\
  include/reader.h\
  include/tests_data_and_calc.h\
  include/controller.h\
  include/plasma.h\
  include/resonance_poly.h\

obj/tests_basic_and_code.o:\
src/tests_basic_and_code.cpp\
  include/tests.h\
  include/support.h\
  include/tests_basic_and_code.h\
  include/data_array.h\
  include/my_array.h\
  include/reader.h\

obj/tests_data_and_calc.o:\
src/tests_data_and_calc.cpp\
  include/tests_data_and_calc.h\
  include/tests.h\
  include/support.h\
  include/data_array.h\
  include/my_array.h\
  include/reader.h\
  include/controller.h\
  include/plasma.h\
  include/resonance_poly.h\
  include/spectrum.h\
  include/d_coeff.h\
  include/non_thermal.h\
  include/valgrind.h\

obj/main.o:\
src/main.cpp\
  include/main.h\
  include/support.h\
  include/reader.h\
  include/controller.h\
  include/plasma.h\
  include/resonance_poly.h\
  include/data_array.h\
  include/my_array.h\
  include/d_coeff.h\
  include/spectrum.h\
  include/tests.h\

obj/cutout_fft.o:\
src/cutout_fft.cpp\
  include/main.h\
  include/support.h\
  include/reader.h\
  include/data_array.h\
  include/my_array.h\
  include/d_coeff.h\
  include/controller.h\
  include/plasma.h\
  include/resonance_poly.h\
  include/spectrum.h\
  include/tests.h\

obj/fft_to_spectrum.o:\
src/fft_to_spectrum.cpp\
include/support.h\
  include/data_array.h\
  include/my_array.h\
  include/controller.h\
  include/plasma.h\
  include/resonance_poly.h\
  include/spectrum.h\
  include/tests.h\

obj/compress_distributions.o:\
src/compress_distributions.cpp\
include/main.h\
  include/support.h\
  include/reader.h\
  include/data_array.h\
  include/my_array.h\

obj/calculate_growth.o:\
src/calculate_growth.cpp\
  include/support.h\
  include/plasma.h\
  include/resonance_poly.h\
  include/my_array.h\
  include/spectrum.h\
  include/controller.h\
  include/data_array.h\
  include/tests.h\
  include/non_thermal.h\

obj/calculate_diffusion.o:\
src/calculate_diffusion.cpp\
  include/support.h\
  include/reader.h\
  include/controller.h\
  include/plasma.h\
  include/resonance_poly.h\
  include/data_array.h\
  include/my_array.h\
  include/d_coeff.h\
  include/spectrum.h\
  include/tests.h\

obj/extract_field.o:\
src/extract_field.cpp\
  include/support.h\
  include/reader.h\
  include/data_array.h\
  include/my_array.h\

obj/generate_ffts.o:\
src/generate_ffts.cpp\
  include/main.h\
  include/support.h\
  include/reader.h\
  include/controller.h\
  include/plasma.h\
  include/resonance_poly.h\
  include/data_array.h\
  include/my_array.h\
  include/d_coeff.h\
  include/spectrum.h\
  include/tests.h\

obj/example_singlecore.o:\
src/example_singlecore.cpp\
  include/main.h\
  include/support.h\
  include/reader.h\
  include/data_array.h\
  include/my_array.h\
  include/d_coeff.h\
  include/controller.h\
  include/plasma.h\
  include/resonance_poly.h\
  include/spectrum.h\
  include/tests.h\

obj/example_multicore.o:\
src/example_multicore.cpp\
  include/main.h\
  include/support.h\
  include/reader.h\
  include/data_array.h\
  include/my_array.h\
  include/d_coeff.h\
  include/controller.h\
  include/plasma.h\
  include/resonance_poly.h\
  include/spectrum.h\
  include/tests.h\
